<?xml version="1.0" encoding="UTF-8"?>
<robot generator="Robot 6.0.2 (Python 3.11.1 on win32)" generated="20230131 15:41:31.550" rpa="false" schemaversion="3">
<suite id="s1" name="Test Logout" source="C:\Users\hp\Downloads\QualityAssurance\Automation Testing\Robot Framework\Testing Web Saucedemo\test_logout.robot">
<test id="s1-t1" name="Logout" line="17">
<kw name="open page">
<kw name="Open Browser" library="SeleniumLibrary">
<arg>${Url}</arg>
<arg>Chrome</arg>
<doc>Opens a new browser instance to the optional ``url``.</doc>
<msg timestamp="20230131 15:41:34.742" level="INFO">Opening browser 'Chrome' to base url 'https://www.saucedemo.com/'.</msg>
<status status="PASS" starttime="20230131 15:41:34.737" endtime="20230131 15:42:00.327"/>
</kw>
<status status="PASS" starttime="20230131 15:41:34.735" endtime="20230131 15:42:00.328"/>
</kw>
<kw name="Logout">
<kw name="Input Text" library="SeleniumLibrary">
<arg>id=user-name</arg>
<arg>${name}</arg>
<doc>Types the given ``text`` into the text field identified by ``locator``.</doc>
<msg timestamp="20230131 15:42:00.332" level="INFO">Typing text 'standard_user' into text field 'id=user-name'.</msg>
<status status="PASS" starttime="20230131 15:42:00.330" endtime="20230131 15:42:01.341"/>
</kw>
<kw name="Input Text" library="SeleniumLibrary">
<arg>id=password</arg>
<arg>${pass}</arg>
<doc>Types the given ``text`` into the text field identified by ``locator``.</doc>
<msg timestamp="20230131 15:42:01.341" level="INFO">Typing text 'secret_sauce' into text field 'id=password'.</msg>
<status status="PASS" starttime="20230131 15:42:01.341" endtime="20230131 15:42:01.654"/>
</kw>
<kw name="Click Element" library="SeleniumLibrary">
<arg>id=login-button</arg>
<doc>Click the element identified by ``locator``.</doc>
<msg timestamp="20230131 15:42:01.655" level="INFO">Clicking element 'id=login-button'.</msg>
<status status="PASS" starttime="20230131 15:42:01.654" endtime="20230131 15:42:01.893"/>
</kw>
<kw name="Click Element" library="SeleniumLibrary">
<arg>id=react-burger-menu-btn</arg>
<doc>Click the element identified by ``locator``.</doc>
<msg timestamp="20230131 15:42:01.896" level="INFO">Clicking element 'id=react-burger-menu-btn'.</msg>
<status status="PASS" starttime="20230131 15:42:01.895" endtime="20230131 15:42:02.077"/>
</kw>
<kw name="Click Element" library="SeleniumLibrary">
<arg>id=logout_sidebar_link</arg>
<doc>Click the element identified by ``locator``.</doc>
<msg timestamp="20230131 15:42:02.078" level="INFO">Clicking element 'id=logout_sidebar_link'.</msg>
<status status="PASS" starttime="20230131 15:42:02.077" endtime="20230131 15:42:02.338"/>
</kw>
<kw name="Title Should Be" library="SeleniumLibrary">
<arg>Swag Labs</arg>
<doc>Verifies that the current page title equals ``title``.</doc>
<msg timestamp="20230131 15:42:02.366" level="INFO">Page title is 'Swag Labs'.</msg>
<status status="PASS" starttime="20230131 15:42:02.338" endtime="20230131 15:42:02.366"/>
</kw>
<kw name="Close Browser" library="SeleniumLibrary">
<doc>Closes the current browser.</doc>
<status status="PASS" starttime="20230131 15:42:02.367" endtime="20230131 15:42:07.136"/>
</kw>
<status status="PASS" starttime="20230131 15:42:00.329" endtime="20230131 15:42:07.136"/>
</kw>
<status status="PASS" starttime="20230131 15:41:34.721" endtime="20230131 15:42:07.136"/>
</test>
<status status="PASS" starttime="20230131 15:41:31.550" endtime="20230131 15:42:07.145"/>
</suite>
<statistics>
<total>
<stat pass="1" fail="0" skip="0">All Tests</stat>
</total>
<tag>
</tag>
<suite>
<stat pass="1" fail="0" skip="0" id="s1" name="Test Logout">Test Logout</stat>
</suite>
</statistics>
<errors>
</errors>
</robot>
