<?xml version="1.0" encoding="UTF-8"?>
<robot generator="Robot 6.0.2 (Python 3.11.1 on win32)" generated="20230130 10:56:24.355" rpa="false" schemaversion="3">
<suite id="s1" name="Test Login" source="C:\Users\hp\Downloads\QualityAssurance\Automation Testing\Robot Framework\Testing Web Katalon Demo\test_login.robot">
<test id="s1-t1" name="Valid Login" line="17">
<kw name="open page">
<kw name="Open Browser" library="SeleniumLibrary">
<arg>${Url}</arg>
<arg>Chrome</arg>
<doc>Opens a new browser instance to the optional ``url``.</doc>
<msg timestamp="20230130 10:56:24.848" level="INFO">Opening browser 'Chrome' to base url 'https://katalon-demo-cura.herokuapp.com/'.</msg>
<status status="PASS" starttime="20230130 10:56:24.846" endtime="20230130 10:56:48.507"/>
</kw>
<status status="PASS" starttime="20230130 10:56:24.846" endtime="20230130 10:56:48.507"/>
</kw>
<kw name="Valid Login">
<kw name="Click Element" library="SeleniumLibrary">
<arg>id=menu-toggle</arg>
<doc>Click the element identified by ``locator``.</doc>
<msg timestamp="20230130 10:56:48.515" level="INFO">Clicking element 'id=menu-toggle'.</msg>
<status status="PASS" starttime="20230130 10:56:48.514" endtime="20230130 10:56:48.830"/>
</kw>
<kw name="Click Element" library="SeleniumLibrary">
<arg>xpath=/html/body/nav/ul/li[3]/a</arg>
<doc>Click the element identified by ``locator``.</doc>
<msg timestamp="20230130 10:56:48.832" level="INFO">Clicking element 'xpath=/html/body/nav/ul/li[3]/a'.</msg>
<status status="PASS" starttime="20230130 10:56:48.831" endtime="20230130 10:56:49.781"/>
</kw>
<kw name="Input Text" library="SeleniumLibrary">
<arg>id=txt-username</arg>
<arg>${name}</arg>
<doc>Types the given ``text`` into the text field identified by ``locator``.</doc>
<msg timestamp="20230130 10:56:49.782" level="INFO">Typing text 'John Doe' into text field 'id=txt-username'.</msg>
<status status="PASS" starttime="20230130 10:56:49.781" endtime="20230130 10:56:50.903"/>
</kw>
<kw name="Input Text" library="SeleniumLibrary">
<arg>id=txt-password</arg>
<arg>${pass}</arg>
<doc>Types the given ``text`` into the text field identified by ``locator``.</doc>
<msg timestamp="20230130 10:56:50.904" level="INFO">Typing text 'ThisIsNotAPassword' into text field 'id=txt-password'.</msg>
<status status="PASS" starttime="20230130 10:56:50.903" endtime="20230130 10:56:51.138"/>
</kw>
<kw name="Click Element" library="SeleniumLibrary">
<arg>id=btn-login</arg>
<doc>Click the element identified by ``locator``.</doc>
<msg timestamp="20230130 10:56:51.139" level="INFO">Clicking element 'id=btn-login'.</msg>
<status status="PASS" starttime="20230130 10:56:51.138" endtime="20230130 10:56:52.205"/>
</kw>
<kw name="Title Should Be" library="SeleniumLibrary">
<arg>CURA Healthcare Service</arg>
<doc>Verifies that the current page title equals ``title``.</doc>
<msg timestamp="20230130 10:56:52.348" level="INFO">Page title is 'CURA Healthcare Service'.</msg>
<status status="PASS" starttime="20230130 10:56:52.205" endtime="20230130 10:56:52.349"/>
</kw>
<kw name="Close Browser" library="SeleniumLibrary">
<doc>Closes the current browser.</doc>
<status status="PASS" starttime="20230130 10:56:52.349" endtime="20230130 10:56:56.456"/>
</kw>
<status status="PASS" starttime="20230130 10:56:48.513" endtime="20230130 10:56:56.457"/>
</kw>
<status status="PASS" starttime="20230130 10:56:24.845" endtime="20230130 10:56:56.458"/>
</test>
<test id="s1-t2" name="Invalid username" line="21">
<kw name="open page">
<kw name="Open Browser" library="SeleniumLibrary">
<arg>${Url}</arg>
<arg>Chrome</arg>
<doc>Opens a new browser instance to the optional ``url``.</doc>
<msg timestamp="20230130 10:56:56.490" level="INFO">Opening browser 'Chrome' to base url 'https://katalon-demo-cura.herokuapp.com/'.</msg>
<status status="PASS" starttime="20230130 10:56:56.489" endtime="20230130 10:57:10.085"/>
</kw>
<status status="PASS" starttime="20230130 10:56:56.488" endtime="20230130 10:57:10.085"/>
</kw>
<kw name="Invalid username">
<kw name="Click Element" library="SeleniumLibrary">
<arg>id=menu-toggle</arg>
<doc>Click the element identified by ``locator``.</doc>
<msg timestamp="20230130 10:57:10.092" level="INFO">Clicking element 'id=menu-toggle'.</msg>
<status status="PASS" starttime="20230130 10:57:10.091" endtime="20230130 10:57:10.239"/>
</kw>
<kw name="Click Element" library="SeleniumLibrary">
<arg>xpath=/html/body/nav/ul/li[3]/a</arg>
<doc>Click the element identified by ``locator``.</doc>
<msg timestamp="20230130 10:57:10.241" level="INFO">Clicking element 'xpath=/html/body/nav/ul/li[3]/a'.</msg>
<status status="PASS" starttime="20230130 10:57:10.240" endtime="20230130 10:57:10.897"/>
</kw>
<kw name="Input Text" library="SeleniumLibrary">
<arg>id=txt-username</arg>
<arg>${invalid_name}</arg>
<doc>Types the given ``text`` into the text field identified by ``locator``.</doc>
<msg timestamp="20230130 10:57:10.898" level="INFO">Typing text 'yanto' into text field 'id=txt-username'.</msg>
<status status="PASS" starttime="20230130 10:57:10.897" endtime="20230130 10:57:11.275"/>
</kw>
<kw name="Input Text" library="SeleniumLibrary">
<arg>id=txt-password</arg>
<arg>${pass}</arg>
<doc>Types the given ``text`` into the text field identified by ``locator``.</doc>
<msg timestamp="20230130 10:57:11.280" level="INFO">Typing text 'ThisIsNotAPassword' into text field 'id=txt-password'.</msg>
<status status="PASS" starttime="20230130 10:57:11.275" endtime="20230130 10:57:11.663"/>
</kw>
<kw name="Click Element" library="SeleniumLibrary">
<arg>id=btn-login</arg>
<doc>Click the element identified by ``locator``.</doc>
<msg timestamp="20230130 10:57:11.664" level="INFO">Clicking element 'id=btn-login'.</msg>
<status status="PASS" starttime="20230130 10:57:11.664" endtime="20230130 10:57:12.433"/>
</kw>
<kw name="Page Should Contain" library="SeleniumLibrary">
<arg>${error}</arg>
<doc>Verifies that current page contains ``text``.</doc>
<msg timestamp="20230130 10:57:12.464" level="INFO">Current page contains text 'Login failed! Please ensure the username and password are valid.'.</msg>
<status status="PASS" starttime="20230130 10:57:12.433" endtime="20230130 10:57:12.464"/>
</kw>
<kw name="Close Browser" library="SeleniumLibrary">
<doc>Closes the current browser.</doc>
<status status="PASS" starttime="20230130 10:57:12.465" endtime="20230130 10:57:15.553"/>
</kw>
<status status="PASS" starttime="20230130 10:57:10.091" endtime="20230130 10:57:15.554"/>
</kw>
<status status="PASS" starttime="20230130 10:56:56.466" endtime="20230130 10:57:15.558"/>
</test>
<test id="s1-t3" name="Invalid password" line="25">
<kw name="open page">
<kw name="Open Browser" library="SeleniumLibrary">
<arg>${Url}</arg>
<arg>Chrome</arg>
<doc>Opens a new browser instance to the optional ``url``.</doc>
<msg timestamp="20230130 10:57:15.592" level="INFO">Opening browser 'Chrome' to base url 'https://katalon-demo-cura.herokuapp.com/'.</msg>
<status status="PASS" starttime="20230130 10:57:15.591" endtime="20230130 10:57:28.972"/>
</kw>
<status status="PASS" starttime="20230130 10:57:15.590" endtime="20230130 10:57:28.972"/>
</kw>
<kw name="Invalid password">
<kw name="Click Element" library="SeleniumLibrary">
<arg>id=menu-toggle</arg>
<doc>Click the element identified by ``locator``.</doc>
<msg timestamp="20230130 10:57:28.982" level="INFO">Clicking element 'id=menu-toggle'.</msg>
<status status="PASS" starttime="20230130 10:57:28.981" endtime="20230130 10:57:29.123"/>
</kw>
<kw name="Click Element" library="SeleniumLibrary">
<arg>xpath=/html/body/nav/ul/li[3]/a</arg>
<doc>Click the element identified by ``locator``.</doc>
<msg timestamp="20230130 10:57:29.124" level="INFO">Clicking element 'xpath=/html/body/nav/ul/li[3]/a'.</msg>
<status status="PASS" starttime="20230130 10:57:29.124" endtime="20230130 10:57:29.831"/>
</kw>
<kw name="Input Text" library="SeleniumLibrary">
<arg>id=txt-username</arg>
<arg>${name}</arg>
<doc>Types the given ``text`` into the text field identified by ``locator``.</doc>
<msg timestamp="20230130 10:57:29.832" level="INFO">Typing text 'John Doe' into text field 'id=txt-username'.</msg>
<status status="PASS" starttime="20230130 10:57:29.831" endtime="20230130 10:57:30.263"/>
</kw>
<kw name="Input Text" library="SeleniumLibrary">
<arg>id=txt-password</arg>
<arg>${invalid_pass}</arg>
<doc>Types the given ``text`` into the text field identified by ``locator``.</doc>
<msg timestamp="20230130 10:57:30.265" level="INFO">Typing text 'yanto123' into text field 'id=txt-password'.</msg>
<status status="PASS" starttime="20230130 10:57:30.264" endtime="20230130 10:57:30.620"/>
</kw>
<kw name="Click Element" library="SeleniumLibrary">
<arg>id=btn-login</arg>
<doc>Click the element identified by ``locator``.</doc>
<msg timestamp="20230130 10:57:30.621" level="INFO">Clicking element 'id=btn-login'.</msg>
<status status="PASS" starttime="20230130 10:57:30.620" endtime="20230130 10:57:31.536"/>
</kw>
<kw name="Page Should Contain" library="SeleniumLibrary">
<arg>${error}</arg>
<doc>Verifies that current page contains ``text``.</doc>
<msg timestamp="20230130 10:57:31.565" level="INFO">Current page contains text 'Login failed! Please ensure the username and password are valid.'.</msg>
<status status="PASS" starttime="20230130 10:57:31.536" endtime="20230130 10:57:31.565"/>
</kw>
<kw name="Close Browser" library="SeleniumLibrary">
<doc>Closes the current browser.</doc>
<status status="PASS" starttime="20230130 10:57:31.566" endtime="20230130 10:57:36.255"/>
</kw>
<status status="PASS" starttime="20230130 10:57:28.981" endtime="20230130 10:57:36.255"/>
</kw>
<status status="PASS" starttime="20230130 10:57:15.588" endtime="20230130 10:57:36.257"/>
</test>
<test id="s1-t4" name="Invalid username and password" line="29">
<kw name="open page">
<kw name="Open Browser" library="SeleniumLibrary">
<arg>${Url}</arg>
<arg>Chrome</arg>
<doc>Opens a new browser instance to the optional ``url``.</doc>
<msg timestamp="20230130 10:57:36.266" level="INFO">Opening browser 'Chrome' to base url 'https://katalon-demo-cura.herokuapp.com/'.</msg>
<status status="PASS" starttime="20230130 10:57:36.264" endtime="20230130 10:57:51.652"/>
</kw>
<status status="PASS" starttime="20230130 10:57:36.263" endtime="20230130 10:57:51.652"/>
</kw>
<kw name="Invalid username and password">
<kw name="Click Element" library="SeleniumLibrary">
<arg>id=menu-toggle</arg>
<doc>Click the element identified by ``locator``.</doc>
<msg timestamp="20230130 10:57:51.661" level="INFO">Clicking element 'id=menu-toggle'.</msg>
<status status="PASS" starttime="20230130 10:57:51.659" endtime="20230130 10:57:52.204"/>
</kw>
<kw name="Click Element" library="SeleniumLibrary">
<arg>xpath=/html/body/nav/ul/li[3]/a</arg>
<doc>Click the element identified by ``locator``.</doc>
<msg timestamp="20230130 10:57:52.205" level="INFO">Clicking element 'xpath=/html/body/nav/ul/li[3]/a'.</msg>
<status status="PASS" starttime="20230130 10:57:52.205" endtime="20230130 10:57:53.122"/>
</kw>
<kw name="Input Text" library="SeleniumLibrary">
<arg>id=txt-username</arg>
<arg>${invalid_name}</arg>
<doc>Types the given ``text`` into the text field identified by ``locator``.</doc>
<msg timestamp="20230130 10:57:53.123" level="INFO">Typing text 'yanto' into text field 'id=txt-username'.</msg>
<status status="PASS" starttime="20230130 10:57:53.122" endtime="20230130 10:57:53.953"/>
</kw>
<kw name="Input Text" library="SeleniumLibrary">
<arg>id=txt-password</arg>
<arg>${invalid_pass}</arg>
<doc>Types the given ``text`` into the text field identified by ``locator``.</doc>
<msg timestamp="20230130 10:57:53.954" level="INFO">Typing text 'yanto123' into text field 'id=txt-password'.</msg>
<status status="PASS" starttime="20230130 10:57:53.953" endtime="20230130 10:57:54.526"/>
</kw>
<kw name="Click Element" library="SeleniumLibrary">
<arg>id=btn-login</arg>
<doc>Click the element identified by ``locator``.</doc>
<msg timestamp="20230130 10:57:54.527" level="INFO">Clicking element 'id=btn-login'.</msg>
<status status="PASS" starttime="20230130 10:57:54.527" endtime="20230130 10:57:56.377"/>
</kw>
<kw name="Page Should Contain" library="SeleniumLibrary">
<arg>${error}</arg>
<doc>Verifies that current page contains ``text``.</doc>
<msg timestamp="20230130 10:57:56.495" level="INFO">Current page contains text 'Login failed! Please ensure the username and password are valid.'.</msg>
<status status="PASS" starttime="20230130 10:57:56.378" endtime="20230130 10:57:56.495"/>
</kw>
<kw name="Close Browser" library="SeleniumLibrary">
<doc>Closes the current browser.</doc>
<status status="PASS" starttime="20230130 10:57:56.495" endtime="20230130 10:58:01.948"/>
</kw>
<status status="PASS" starttime="20230130 10:57:51.657" endtime="20230130 10:58:01.948"/>
</kw>
<status status="PASS" starttime="20230130 10:57:36.260" endtime="20230130 10:58:01.949"/>
</test>
<status status="PASS" starttime="20230130 10:56:24.359" endtime="20230130 10:58:01.952"/>
</suite>
<statistics>
<total>
<stat pass="4" fail="0" skip="0">All Tests</stat>
</total>
<tag>
</tag>
<suite>
<stat pass="4" fail="0" skip="0" id="s1" name="Test Login">Test Login</stat>
</suite>
</statistics>
<errors>
</errors>
</robot>
