<?xml version="1.0" encoding="UTF-8"?>
<robot generator="Robot 6.0.2 (Python 3.11.1 on win32)" generated="20230131 15:23:06.924" rpa="false" schemaversion="3">
<suite id="s1" name="Test Logout" source="C:\Users\hp\Downloads\QualityAssurance\Automation Testing\Robot Framework\Testing Web Katalon Demo\test_logout.robot">
<test id="s1-t1" name="Logout" line="17">
<kw name="open page">
<kw name="Open Browser" library="SeleniumLibrary">
<arg>${Url}</arg>
<arg>Chrome</arg>
<doc>Opens a new browser instance to the optional ``url``.</doc>
<msg timestamp="20230131 15:23:11.649" level="INFO">Opening browser 'Chrome' to base url 'https://katalon-demo-cura.herokuapp.com/'.</msg>
<status status="PASS" starttime="20230131 15:23:11.649" endtime="20230131 15:24:07.670"/>
</kw>
<status status="PASS" starttime="20230131 15:23:11.649" endtime="20230131 15:24:07.670"/>
</kw>
<kw name="Logout">
<kw name="Click Element" library="SeleniumLibrary">
<arg>id=menu-toggle</arg>
<doc>Click the element identified by ``locator``.</doc>
<msg timestamp="20230131 15:24:07.670" level="INFO">Clicking element 'id=menu-toggle'.</msg>
<status status="PASS" starttime="20230131 15:24:07.670" endtime="20230131 15:24:08.851"/>
</kw>
<kw name="Click Element" library="SeleniumLibrary">
<arg>xpath=/html/body/nav/ul/li[3]/a</arg>
<doc>Click the element identified by ``locator``.</doc>
<msg timestamp="20230131 15:24:08.859" level="INFO">Clicking element 'xpath=/html/body/nav/ul/li[3]/a'.</msg>
<status status="PASS" starttime="20230131 15:24:08.859" endtime="20230131 15:24:09.779"/>
</kw>
<kw name="Input Text" library="SeleniumLibrary">
<arg>id=txt-username</arg>
<arg>${name}</arg>
<doc>Types the given ``text`` into the text field identified by ``locator``.</doc>
<msg timestamp="20230131 15:24:09.779" level="INFO">Typing text 'John Doe' into text field 'id=txt-username'.</msg>
<status status="PASS" starttime="20230131 15:24:09.779" endtime="20230131 15:24:11.413"/>
</kw>
<kw name="Input Text" library="SeleniumLibrary">
<arg>id=txt-password</arg>
<arg>${pass}</arg>
<doc>Types the given ``text`` into the text field identified by ``locator``.</doc>
<msg timestamp="20230131 15:24:11.413" level="INFO">Typing text 'ThisIsNotAPassword' into text field 'id=txt-password'.</msg>
<status status="PASS" starttime="20230131 15:24:11.413" endtime="20230131 15:24:11.823"/>
</kw>
<kw name="Click Element" library="SeleniumLibrary">
<arg>id=btn-login</arg>
<doc>Click the element identified by ``locator``.</doc>
<msg timestamp="20230131 15:24:11.831" level="INFO">Clicking element 'id=btn-login'.</msg>
<status status="PASS" starttime="20230131 15:24:11.823" endtime="20230131 15:24:13.537"/>
</kw>
<kw name="Click Element" library="SeleniumLibrary">
<arg>id=menu-toggle</arg>
<doc>Click the element identified by ``locator``.</doc>
<msg timestamp="20230131 15:24:13.537" level="INFO">Clicking element 'id=menu-toggle'.</msg>
<status status="PASS" starttime="20230131 15:24:13.537" endtime="20230131 15:24:13.785"/>
</kw>
<kw name="Click Element" library="SeleniumLibrary">
<arg>xpath=/html/body/nav/ul/li[5]/a</arg>
<doc>Click the element identified by ``locator``.</doc>
<msg timestamp="20230131 15:24:13.785" level="INFO">Clicking element 'xpath=/html/body/nav/ul/li[5]/a'.</msg>
<status status="PASS" starttime="20230131 15:24:13.785" endtime="20230131 15:24:15.984"/>
</kw>
<kw name="Close Browser" library="SeleniumLibrary">
<doc>Closes the current browser.</doc>
<status status="PASS" starttime="20230131 15:24:15.984" endtime="20230131 15:24:19.294"/>
</kw>
<status status="PASS" starttime="20230131 15:24:07.670" endtime="20230131 15:24:19.310"/>
</kw>
<status status="PASS" starttime="20230131 15:23:11.645" endtime="20230131 15:24:19.310"/>
</test>
<status status="PASS" starttime="20230131 15:23:06.924" endtime="20230131 15:24:19.314"/>
</suite>
<statistics>
<total>
<stat pass="1" fail="0" skip="0">All Tests</stat>
</total>
<tag>
</tag>
<suite>
<stat pass="1" fail="0" skip="0" id="s1" name="Test Logout">Test Logout</stat>
</suite>
</statistics>
<errors>
</errors>
</robot>
